--------------- 04-12-2021, 15:21:45 ---------------
| DC v0.8.2 beta Rev. 8010 -- x86_64-Linux-gtk2
| GalliumOS 3.1 -- GTK 2.24.32 | PID 28428
Unhandled exception: EInvalidOp: Invalid floating point operation
  Stack trace:
  $00000000004815D9 line 916, column 7 of lclproc.pas in /usr/lib/doublecmd/doublecmd
  $00000000004663DC line 1893, column 87 of gtk2winapi.inc in /usr/lib/doublecmd/doublecmd
  $000000000046633A line 1918, column 5 of gtk2winapi.inc in /usr/lib/doublecmd/doublecmd
  $0000000000636673 line 1828, column 5 of include/intfbasewinapi.inc in /usr/lib/doublecmd/doublecmd
  $0000000000471861 line 7215, column 13 of gtk2winapi.inc in /usr/lib/doublecmd/doublecmd
  $000000000059A612 line 795, column 22 of include/winapi.inc in /usr/lib/doublecmd/doublecmd
  $000000000057793C line 4908, column 53 of include/wincontrol.inc in /usr/lib/doublecmd/doublecmd
  $000000000057779A line 4843, column 5 of include/wincontrol.inc in /usr/lib/doublecmd/doublecmd
  $000000000057BB79 line 6773, column 23 of include/wincontrol.inc in /usr/lib/doublecmd/doublecmd
  $000000000059090C line 112, column 28 of include/customcontrol.inc in /usr/lib/doublecmd/doublecmd
  $000000000043334F in /usr/lib/doublecmd/doublecmd
  $0000000000578C0D line 5397, column 28 of include/wincontrol.inc in /usr/lib/doublecmd/doublecmd
  $0000000000746882 line 112, column 36 of lclmessageglue.pas in /usr/lib/doublecmd/doublecmd
  $0000000000645625 line 3702, column 68 of gtk2proc.inc in /usr/lib/doublecmd/doublecmd
  $0000000000650F52 line 27, column 44 of gtk2callback.inc in /usr/lib/doublecmd/doublecmd
  $000000000065102A line 45, column 13 of gtk2callback.inc in /usr/lib/doublecmd/doublecmd
  $0000000000651214 line 103, column 13 of gtk2callback.inc in /usr/lib/doublecmd/doublecmd

--------------- 04-12-2021, 15:21:49 ---------------
| DC v0.8.2 beta Rev. 8010 -- x86_64-Linux-gtk2
| GalliumOS 3.1 -- GTK 2.24.32 | PID 28428
Unhandled exception: EInvalidOp: Invalid floating point operation
  Stack trace:
  $00000000004815D9 line 916, column 7 of lclproc.pas in /usr/lib/doublecmd/doublecmd
  $00000000004663DC line 1893, column 87 of gtk2winapi.inc in /usr/lib/doublecmd/doublecmd
  $000000000046633A line 1918, column 5 of gtk2winapi.inc in /usr/lib/doublecmd/doublecmd
  $0000000000471C19 line 7366, column 11 of gtk2winapi.inc in /usr/lib/doublecmd/doublecmd
  $0000000000468E4A line 2845, column 21 of gtk2winapi.inc in /usr/lib/doublecmd/doublecmd
  $0000000000598769 line 240, column 39 of include/winapi.inc in /usr/lib/doublecmd/doublecmd
  $000000000063F5FE line 901, column 39 of gtk2proc.inc in /usr/lib/doublecmd/doublecmd
  $0000000000651041 line 47, column 34 of gtk2callback.inc in /usr/lib/doublecmd/doublecmd
  $0000000000651214 line 103, column 13 of gtk2callback.inc in /usr/lib/doublecmd/doublecmd
  $00000000006525E6 line 744, column 47 of gtk2callback.inc in /usr/lib/doublecmd/doublecmd
  $00007FC02756538B in /usr/lib/x86_64-linux-gnu/libgtk-x11-2.0.so.0

--------------- 10-10-2022, 16:09:29 ---------------
| DC v1.0.5 beta Rev. 104 -- x86_64-Win64-win32/win64
| Windows 10 21H2 x86_64 | PID 51432
Unhandled exception: EAccessViolation: Access violation
  Stack trace:
  $00007FF70E8B97AD in C:\Program Files\Double Commander\doublecmd.exe
  $00007FF70E9062F7 line 6614, column 111 of fmain.pas in C:\Program Files\Double Commander\doublecmd.exe
  $00007FF70E905DCC line 6531, column 54 of fmain.pas in C:\Program Files\Double Commander\doublecmd.exe
  $00007FF70EB784FC line 507, column 5 of udriveslist.pas in C:\Program Files\Double Commander\doublecmd.exe
  $00007FF70EB784B0 line 499, column 5 of udriveslist.pas in C:\Program Files\Double Commander\doublecmd.exe
  $00007FF70EB7805D line 350, column 47 of udriveslist.pas in C:\Program Files\Double Commander\doublecmd.exe
  $00007FF70EA19131 line 2327, column 5 of include/control.inc in C:\Program Files\Double Commander\doublecmd.exe
  $00007FF70EA197CB line 2506, column 22 of include/control.inc in C:\Program Files\Double Commander\doublecmd.exe
  $00007FF70E890801 in C:\Program Files\Double Commander\doublecmd.exe
  $00007FF70EA19031 line 2287, column 24 of include/control.inc in C:\Program Files\Double Commander\doublecmd.exe
  $00007FF70EA0D2E9 line 5429, column 28 of include/wincontrol.inc in C:\Program Files\Double Commander\doublecmd.exe
  $00007FF70EADF38D line 4955, column 31 of grids.pas in C:\Program Files\Double Commander\doublecmd.exe
  $00007FF70EAD5869 line 112, column 36 of lclmessageglue.pas in C:\Program Files\Double Commander\doublecmd.exe
  $00007FF70E9EFABD line 2607, column 38 of win32/win32callback.inc in C:\Program Files\Double Commander\doublecmd.exe
  $00007FF70E9F0250 line 2772, column 19 of win32/win32callback.inc in C:\Program Files\Double Commander\doublecmd.exe
  $00007FFDB301E858 in C:\Windows\System32\user32.dll
  $00007FFDB301E299 in C:\Windows\System32\user32.dll

